  CppCLR_WinformsProjekt.cpp
c:\users\lexat\documents\github\chart\chart\stack.h(6): error C2461: stack<T>: отсутствие в синтаксисе конструктора формальных параметров
  c:\users\lexat\documents\github\chart\chart\stack.h(18): note: см. ссылку на создание экземпляров класса шаблон при компиляции "stack<T>"
c:\users\lexat\documents\github\chart\chart\stack.h(23): error C2244: stack::stack: не удается сопоставить определение функции существующему объявлению
  c:\users\lexat\documents\github\chart\chart\stack.h(21): note:  см. объявление "stack::stack"
  c:\users\lexat\documents\github\chart\chart\stack.h(23): note: определение
  c:\users\lexat\documents\github\chart\chart\stack.h(23): note: 'stack::stack(int)'
  c:\users\lexat\documents\github\chart\chart\stack.h(23): note: существующие объявления
  c:\users\lexat\documents\github\chart\chart\stack.h(23): note: 'stack<T>::stack(int)'
c:\users\lexat\documents\github\chart\chart\stack.h(28): error C2244: stack::push: не удается сопоставить определение функции существующему объявлению
  c:\users\lexat\documents\github\chart\chart\stack.h(26): note:  см. объявление "stack::push"
  c:\users\lexat\documents\github\chart\chart\stack.h(28): note: определение
  c:\users\lexat\documents\github\chart\chart\stack.h(28): note: 'void stack::push(T)'
  c:\users\lexat\documents\github\chart\chart\stack.h(28): note: существующие объявления
  c:\users\lexat\documents\github\chart\chart\stack.h(28): note: 'void stack<T>::push(T)'
c:\users\lexat\documents\github\chart\chart\stack.h(36): error C2244: stack::pop: не удается сопоставить определение функции существующему объявлению
  c:\users\lexat\documents\github\chart\chart\stack.h(31): note:  см. объявление "stack::pop"
  c:\users\lexat\documents\github\chart\chart\stack.h(36): note: определение
  c:\users\lexat\documents\github\chart\chart\stack.h(36): note: 'T stack::pop(void)'
  c:\users\lexat\documents\github\chart\chart\stack.h(36): note: существующие объявления
  c:\users\lexat\documents\github\chart\chart\stack.h(36): note: 'T stack<T>::pop(void)'
c:\users\lexat\documents\github\chart\chart\stack.h(41): error C2244: stack::top: не удается сопоставить определение функции существующему объявлению
  c:\users\lexat\documents\github\chart\chart\stack.h(39): note:  см. объявление "stack::top"
  c:\users\lexat\documents\github\chart\chart\stack.h(41): note: определение
  c:\users\lexat\documents\github\chart\chart\stack.h(41): note: 'T stack::top(void)'
  c:\users\lexat\documents\github\chart\chart\stack.h(41): note: существующие объявления
  c:\users\lexat\documents\github\chart\chart\stack.h(41): note: 'T stack<T>::top(void)'
c:\users\lexat\documents\github\chart\chart\stack.h(46): error C2244: stack::PopWithoutReturning: не удается сопоставить определение функции существующему объявлению
  c:\users\lexat\documents\github\chart\chart\stack.h(44): note:  см. объявление "stack::PopWithoutReturning"
  c:\users\lexat\documents\github\chart\chart\stack.h(46): note: определение
  c:\users\lexat\documents\github\chart\chart\stack.h(46): note: 'void stack::PopWithoutReturning(void)'
  c:\users\lexat\documents\github\chart\chart\stack.h(46): note: существующие объявления
  c:\users\lexat\documents\github\chart\chart\stack.h(46): note: 'void stack<T>::PopWithoutReturning(void)'
c:\users\lexat\documents\github\chart\chart\stack.h(51): error C2244: stack::size: не удается сопоставить определение функции существующему объявлению
  c:\users\lexat\documents\github\chart\chart\stack.h(49): note:  см. объявление "stack::size"
  c:\users\lexat\documents\github\chart\chart\stack.h(51): note: определение
  c:\users\lexat\documents\github\chart\chart\stack.h(51): note: 'int stack::size(void)'
  c:\users\lexat\documents\github\chart\chart\stack.h(51): note: существующие объявления
  c:\users\lexat\documents\github\chart\chart\stack.h(51): note: 'int stack<T>::size(void)'
c:\users\lexat\documents\github\chart\chart\stack.h(58): error C2244: stack::clear: не удается сопоставить определение функции существующему объявлению
  c:\users\lexat\documents\github\chart\chart\stack.h(54): note:  см. объявление "stack::clear"
  c:\users\lexat\documents\github\chart\chart\stack.h(58): note: определение
  c:\users\lexat\documents\github\chart\chart\stack.h(58): note: 'void stack::clear(void)'
  c:\users\lexat\documents\github\chart\chart\stack.h(58): note: существующие объявления
  c:\users\lexat\documents\github\chart\chart\stack.h(58): note: 'void stack<T>::clear(void)'
c:\users\lexat\documents\github\chart\chart\TChart.h(11): error C2065: TCurrLine: необъявленный идентификатор
c:\users\lexat\documents\github\chart\chart\TChart.h(11): error C2923: stack: "TCurrLine" не является допустимым аргументом типа шаблон для параметра "T"
c:\users\lexat\documents\github\chart\chart\Form1.h(97): error C2039: x: не является членом "System::Windows::Forms::MouseEventArgs"
c:\users\lexat\documents\github\chart\chart\Form1.h(98): error C2039: y: не является членом "System::Windows::Forms::MouseEventArgs"
c:\users\lexat\documents\github\chart\chart\Form1.h(105): error C2039: x: не является членом "System::Windows::Forms::MouseEventArgs"
c:\users\lexat\documents\github\chart\chart\Form1.h(106): error C2039: y: не является членом "System::Windows::Forms::MouseEventArgs"
c:\users\lexat\documents\github\chart\chart\Form1.h(112): error C2259: TChart: невозможно создать экземпляр абстрактного класса
  c:\users\lexat\documents\github\chart\chart\Form1.h(112): note: из-за следующих членов:
  c:\users\lexat\documents\github\chart\chart\Form1.h(112): note: void TRoot::Hide(System::Drawing::Graphics ^): абстрактный
  c:\users\lexat\documents\github\chart\chart\TRoot.h(16): note:  см. объявление "TRoot::Hide"
  c:\users\lexat\documents\github\chart\chart\Form1.h(112): note: void TRoot::Move(System::Drawing::Graphics ^,int,int): абстрактный
  c:\users\lexat\documents\github\chart\chart\TRoot.h(17): note:  см. объявление "TRoot::Move"
c:\users\lexat\documents\github\chart\chart\Form1.h(112): error C2512: TChart::TChart: нет подходящего конструктора по умолчанию
c:\users\lexat\documents\github\chart\chart\Form1.h(120): error C2259: TChart: невозможно создать экземпляр абстрактного класса
  c:\users\lexat\documents\github\chart\chart\Form1.h(120): note: из-за следующих членов:
  c:\users\lexat\documents\github\chart\chart\Form1.h(120): note: void TRoot::Hide(System::Drawing::Graphics ^): абстрактный
  c:\users\lexat\documents\github\chart\chart\TRoot.h(16): note:  см. объявление "TRoot::Hide"
  c:\users\lexat\documents\github\chart\chart\Form1.h(120): note: void TRoot::Move(System::Drawing::Graphics ^,int,int): абстрактный
  c:\users\lexat\documents\github\chart\chart\TRoot.h(17): note:  см. объявление "TRoot::Move"
c:\users\lexat\documents\github\chart\chart\Form1.h(120): error C2512: TChart::TChart: нет подходящего конструктора по умолчанию
c:\users\lexat\documents\github\chart\chart\Form1.h(129): error C2248: TChart::first: невозможно обратиться к protected член, объявленному в классе "TChart"
  c:\users\lexat\documents\github\chart\chart\TChart.h(10): note:  см. объявление "TChart::first"
  c:\users\lexat\documents\github\chart\chart\TChart.h(5): note:  см. объявление "TChart"
c:\users\lexat\documents\github\chart\chart\Form1.h(130): error C2248: TChart::pRes: невозможно обратиться к protected член, объявленному в классе "TChart"
  c:\users\lexat\documents\github\chart\chart\TChart.h(9): note:  см. объявление "TChart::pRes"
  c:\users\lexat\documents\github\chart\chart\TChart.h(5): note:  см. объявление "TChart"
c:\users\lexat\documents\github\chart\chart\Form1.h(130): error C2440: =: невозможно преобразовать "TRoot *" в "TPoint *"
  c:\users\lexat\documents\github\chart\chart\Form1.h(130): note: Для приведения базового класса к производному требуется dynamic_cast или static_cast
c:\users\lexat\documents\github\chart\chart\Form1.h(133): error C2248: TChart::pRes: невозможно обратиться к protected член, объявленному в классе "TChart"
  c:\users\lexat\documents\github\chart\chart\TChart.h(9): note:  см. объявление "TChart::pRes"
  c:\users\lexat\documents\github\chart\chart\TChart.h(5): note:  см. объявление "TChart"
c:\users\lexat\documents\github\chart\chart\Form1.h(133): error C2440: =: невозможно преобразовать "TRoot *" в "TPoint *"
  c:\users\lexat\documents\github\chart\chart\Form1.h(133): note: Для приведения базового класса к производному требуется dynamic_cast или static_cast
c:\users\lexat\documents\github\chart\chart\Form1.h(138): error C2065: pRes: необъявленный идентификатор
c:\users\lexat\documents\github\chart\chart\Form1.h(140): error C2248: TChart::first: невозможно обратиться к protected член, объявленному в классе "TChart"
  c:\users\lexat\documents\github\chart\chart\TChart.h(10): note:  см. объявление "TChart::first"
  c:\users\lexat\documents\github\chart\chart\TChart.h(5): note:  см. объявление "TChart"
c:\users\lexat\documents\github\chart\chart\Form1.h(141): error C2065: pRes: необъявленный идентификатор
c:\users\lexat\documents\github\chart\chart\Form1.h(141): error C2227: выражение слева от "->SetBegin" должно указывать на тип класса, структуры или объединения либо на универсальный тип
  c:\users\lexat\documents\github\chart\chart\Form1.h(141): note: тип: unknown-type
c:\users\lexat\documents\github\chart\chart\Form1.h(144): error C2065: pRes: необъявленный идентификатор
c:\users\lexat\documents\github\chart\chart\Form1.h(144): error C2227: выражение слева от "->SetEnd" должно указывать на тип класса, структуры или объединения либо на универсальный тип
  c:\users\lexat\documents\github\chart\chart\Form1.h(144): note: тип: unknown-type
c:\users\lexat\documents\github\chart\chart\Form1.h(150): error C2248: TChart::first: невозможно обратиться к protected член, объявленному в классе "TChart"
  c:\users\lexat\documents\github\chart\chart\TChart.h(10): note:  см. объявление "TChart::first"
  c:\users\lexat\documents\github\chart\chart\TChart.h(5): note:  см. объявление "TChart"
c:\users\lexat\documents\github\chart\chart\Form1.h(151): error C2248: TChart::pRes: невозможно обратиться к protected член, объявленному в классе "TChart"
  c:\users\lexat\documents\github\chart\chart\TChart.h(9): note:  см. объявление "TChart::pRes"
  c:\users\lexat\documents\github\chart\chart\TChart.h(5): note:  см. объявление "TChart"
c:\users\lexat\documents\github\chart\chart\Form1.h(151): error C2440: =: невозможно преобразовать "TRoot *" в "TPoint *"
  c:\users\lexat\documents\github\chart\chart\Form1.h(151): note: Для приведения базового класса к производному требуется dynamic_cast или static_cast
c:\users\lexat\documents\github\chart\chart\Form1.h(154): error C2248: TChart::pRes: невозможно обратиться к protected член, объявленному в классе "TChart"
  c:\users\lexat\documents\github\chart\chart\TChart.h(9): note:  см. объявление "TChart::pRes"
  c:\users\lexat\documents\github\chart\chart\TChart.h(5): note:  см. объявление "TChart"
c:\users\lexat\documents\github\chart\chart\Form1.h(154): error C2440: =: невозможно преобразовать "TRoot *" в "TPoint *"
  c:\users\lexat\documents\github\chart\chart\Form1.h(154): note: Для приведения базового класса к производному требуется dynamic_cast или static_cast
c:\users\lexat\documents\github\chart\chart\Form1.h(161): error C2259: TChart: невозможно создать экземпляр абстрактного класса
  c:\users\lexat\documents\github\chart\chart\Form1.h(161): note: из-за следующих членов:
  c:\users\lexat\documents\github\chart\chart\Form1.h(161): note: void TRoot::Hide(System::Drawing::Graphics ^): абстрактный
  c:\users\lexat\documents\github\chart\chart\TRoot.h(16): note:  см. объявление "TRoot::Hide"
  c:\users\lexat\documents\github\chart\chart\Form1.h(161): note: void TRoot::Move(System::Drawing::Graphics ^,int,int): абстрактный
  c:\users\lexat\documents\github\chart\chart\TRoot.h(17): note:  см. объявление "TRoot::Move"
c:\users\lexat\documents\github\chart\chart\Form1.h(161): error C2512: TChart::TChart: нет подходящего конструктора по умолчанию
c:\users\lexat\documents\github\chart\chart\Form1.h(169): error C2248: TChart::first: невозможно обратиться к protected член, объявленному в классе "TChart"
  c:\users\lexat\documents\github\chart\chart\TChart.h(10): note:  см. объявление "TChart::first"
  c:\users\lexat\documents\github\chart\chart\TChart.h(5): note:  см. объявление "TChart"
c:\users\lexat\documents\github\chart\chart\Form1.h(170): error C2065: pRes: необъявленный идентификатор
c:\users\lexat\documents\github\chart\chart\Form1.h(170): error C2227: выражение слева от "->SetBegin" должно указывать на тип класса, структуры или объединения либо на универсальный тип
  c:\users\lexat\documents\github\chart\chart\Form1.h(170): note: тип: unknown-type
c:\users\lexat\documents\github\chart\chart\Form1.h(173): error C2065: pRes: необъявленный идентификатор
c:\users\lexat\documents\github\chart\chart\Form1.h(173): error C2227: выражение слева от "->SetEnd" должно указывать на тип класса, структуры или объединения либо на универсальный тип
  c:\users\lexat\documents\github\chart\chart\Form1.h(173): note: тип: unknown-type
  TChart.cpp
c:\users\lexat\documents\github\chart\chart\stack.h(6): error C2461: stack<T>: отсутствие в синтаксисе конструктора формальных параметров
  c:\users\lexat\documents\github\chart\chart\stack.h(18): note: см. ссылку на создание экземпляров класса шаблон при компиляции "stack<T>"
c:\users\lexat\documents\github\chart\chart\stack.h(23): error C2244: stack::stack: не удается сопоставить определение функции существующему объявлению
  c:\users\lexat\documents\github\chart\chart\stack.h(21): note:  см. объявление "stack::stack"
  c:\users\lexat\documents\github\chart\chart\stack.h(23): note: определение
  c:\users\lexat\documents\github\chart\chart\stack.h(23): note: 'stack::stack(int)'
  c:\users\lexat\documents\github\chart\chart\stack.h(23): note: существующие объявления
  c:\users\lexat\documents\github\chart\chart\stack.h(23): note: 'stack<T>::stack(int)'
c:\users\lexat\documents\github\chart\chart\stack.h(28): error C2244: stack::push: не удается сопоставить определение функции существующему объявлению
  c:\users\lexat\documents\github\chart\chart\stack.h(26): note:  см. объявление "stack::push"
  c:\users\lexat\documents\github\chart\chart\stack.h(28): note: определение
  c:\users\lexat\documents\github\chart\chart\stack.h(28): note: 'void stack::push(T)'
  c:\users\lexat\documents\github\chart\chart\stack.h(28): note: существующие объявления
  c:\users\lexat\documents\github\chart\chart\stack.h(28): note: 'void stack<T>::push(T)'
c:\users\lexat\documents\github\chart\chart\stack.h(36): error C2244: stack::pop: не удается сопоставить определение функции существующему объявлению
  c:\users\lexat\documents\github\chart\chart\stack.h(31): note:  см. объявление "stack::pop"
  c:\users\lexat\documents\github\chart\chart\stack.h(36): note: определение
  c:\users\lexat\documents\github\chart\chart\stack.h(36): note: 'T stack::pop(void)'
  c:\users\lexat\documents\github\chart\chart\stack.h(36): note: существующие объявления
  c:\users\lexat\documents\github\chart\chart\stack.h(36): note: 'T stack<T>::pop(void)'
c:\users\lexat\documents\github\chart\chart\stack.h(41): error C2244: stack::top: не удается сопоставить определение функции существующему объявлению
  c:\users\lexat\documents\github\chart\chart\stack.h(39): note:  см. объявление "stack::top"
  c:\users\lexat\documents\github\chart\chart\stack.h(41): note: определение
  c:\users\lexat\documents\github\chart\chart\stack.h(41): note: 'T stack::top(void)'
  c:\users\lexat\documents\github\chart\chart\stack.h(41): note: существующие объявления
  c:\users\lexat\documents\github\chart\chart\stack.h(41): note: 'T stack<T>::top(void)'
c:\users\lexat\documents\github\chart\chart\stack.h(46): error C2244: stack::PopWithoutReturning: не удается сопоставить определение функции существующему объявлению
  c:\users\lexat\documents\github\chart\chart\stack.h(44): note:  см. объявление "stack::PopWithoutReturning"
  c:\users\lexat\documents\github\chart\chart\stack.h(46): note: определение
  c:\users\lexat\documents\github\chart\chart\stack.h(46): note: 'void stack::PopWithoutReturning(void)'
  c:\users\lexat\documents\github\chart\chart\stack.h(46): note: существующие объявления
  c:\users\lexat\documents\github\chart\chart\stack.h(46): note: 'void stack<T>::PopWithoutReturning(void)'
c:\users\lexat\documents\github\chart\chart\stack.h(51): error C2244: stack::size: не удается сопоставить определение функции существующему объявлению
  c:\users\lexat\documents\github\chart\chart\stack.h(49): note:  см. объявление "stack::size"
  c:\users\lexat\documents\github\chart\chart\stack.h(51): note: определение
  c:\users\lexat\documents\github\chart\chart\stack.h(51): note: 'int stack::size(void)'
  c:\users\lexat\documents\github\chart\chart\stack.h(51): note: существующие объявления
  c:\users\lexat\documents\github\chart\chart\stack.h(51): note: 'int stack<T>::size(void)'
c:\users\lexat\documents\github\chart\chart\stack.h(58): error C2244: stack::clear: не удается сопоставить определение функции существующему объявлению
  c:\users\lexat\documents\github\chart\chart\stack.h(54): note:  см. объявление "stack::clear"
  c:\users\lexat\documents\github\chart\chart\stack.h(58): note: определение
  c:\users\lexat\documents\github\chart\chart\stack.h(58): note: 'void stack::clear(void)'
  c:\users\lexat\documents\github\chart\chart\stack.h(58): note: существующие объявления
  c:\users\lexat\documents\github\chart\chart\stack.h(58): note: 'void stack<T>::clear(void)'
c:\users\lexat\documents\github\chart\chart\TChart.h(11): error C2065: TCurrLine: необъявленный идентификатор
c:\users\lexat\documents\github\chart\chart\TChart.h(11): error C2923: stack: "TCurrLine" не является допустимым аргументом типа шаблон для параметра "T"
TChart.cpp(8): error C2512: stack: нет подходящего конструктора по умолчанию
  c:\users\lexat\documents\github\chart\chart\stack.h(5): note:  см. объявление "stack"
TChart.cpp(71): error C2662: void stack<T>::clear(void): невозможно преобразовать указатель "this" из "stack" в "stack<T> &"
  TChart.cpp(71): note: Причина: невозможно преобразовать "stack" в "stack<T>"
  TChart.cpp(71): note: Для преобразования требуется второй оператор пользовательского преобразования или конструктор
TChart.cpp(72): error C2662: void stack<T>::push(T): невозможно преобразовать указатель "this" из "stack" в "stack<T> &"
  TChart.cpp(72): note: Причина: невозможно преобразовать "stack" в "stack<T>"
  TChart.cpp(72): note: Для преобразования требуется второй оператор пользовательского преобразования или конструктор
TChart.cpp(74): error C2662: bool stack<T>::isEmpty(void): невозможно преобразовать указатель "this" из "stack" в "stack<T> &"
  TChart.cpp(74): note: Причина: невозможно преобразовать "stack" в "stack<T>"
  TChart.cpp(74): note: Для преобразования требуется второй оператор пользовательского преобразования или конструктор
TChart.cpp(75): error C2662: T stack<T>::pop(void): невозможно преобразовать указатель "this" из "stack" в "stack<T> &"
  TChart.cpp(75): note: Причина: невозможно преобразовать "stack" в "stack<T>"
  TChart.cpp(75): note: Для преобразования требуется второй оператор пользовательского преобразования или конструктор
TChart.cpp(82): error C2662: void stack<T>::push(T): невозможно преобразовать указатель "this" из "stack" в "stack<T> &"
  TChart.cpp(82): note: Причина: невозможно преобразовать "stack" в "stack<T>"
  TChart.cpp(82): note: Для преобразования требуется второй оператор пользовательского преобразования или конструктор
TChart.cpp(83): error C2440: =: невозможно преобразовать "TRoot *" в "TChart *"
  TChart.cpp(83): note: Для приведения базового класса к производному требуется dynamic_cast или static_cast
TChart.cpp(91): error C2662: void stack<T>::push(T): невозможно преобразовать указатель "this" из "stack" в "stack<T> &"
  TChart.cpp(91): note: Причина: невозможно преобразовать "stack" в "stack<T>"
  TChart.cpp(91): note: Для преобразования требуется второй оператор пользовательского преобразования или конструктор
TChart.cpp(94): error C2662: void stack<T>::push(T): невозможно преобразовать указатель "this" из "stack" в "stack<T> &"
  TChart.cpp(94): note: Причина: невозможно преобразовать "stack" в "stack<T>"
  TChart.cpp(94): note: Для преобразования требуется второй оператор пользовательского преобразования или конструктор
TChart.cpp(104): error C2662: bool stack<T>::isEmpty(void): невозможно преобразовать указатель "this" из "stack" в "stack<T> &"
  TChart.cpp(104): note: Причина: невозможно преобразовать "stack" в "stack<T>"
  TChart.cpp(104): note: Для преобразования требуется второй оператор пользовательского преобразования или конструктор
TChart.cpp(105): error C2662: T stack<T>::pop(void): невозможно преобразовать указатель "this" из "stack" в "stack<T> &"
  TChart.cpp(105): note: Причина: невозможно преобразовать "stack" в "stack<T>"
  TChart.cpp(105): note: Для преобразования требуется второй оператор пользовательского преобразования или конструктор
TChart.cpp(112): error C2662: void stack<T>::push(T): невозможно преобразовать указатель "this" из "stack" в "stack<T> &"
  TChart.cpp(112): note: Причина: невозможно преобразовать "stack" в "stack<T>"
  TChart.cpp(112): note: Для преобразования требуется второй оператор пользовательского преобразования или конструктор
TChart.cpp(127): error C2662: void stack<T>::clear(void): невозможно преобразовать указатель "this" из "stack" в "stack<T> &"
  TChart.cpp(127): note: Причина: невозможно преобразовать "stack" в "stack<T>"
  TChart.cpp(127): note: Для преобразования требуется второй оператор пользовательского преобразования или конструктор
TChart.cpp(128): error C2662: void stack<T>::push(T): невозможно преобразовать указатель "this" из "stack" в "stack<T> &"
  TChart.cpp(128): note: Причина: невозможно преобразовать "stack" в "stack<T>"
  TChart.cpp(128): note: Для преобразования требуется второй оператор пользовательского преобразования или конструктор
TChart.cpp(130): error C2662: bool stack<T>::isEmpty(void): невозможно преобразовать указатель "this" из "stack" в "stack<T> &"
  TChart.cpp(130): note: Причина: невозможно преобразовать "stack" в "stack<T>"
  TChart.cpp(130): note: Для преобразования требуется второй оператор пользовательского преобразования или конструктор
TChart.cpp(131): error C2662: T stack<T>::pop(void): невозможно преобразовать указатель "this" из "stack" в "stack<T> &"
  TChart.cpp(131): note: Причина: невозможно преобразовать "stack" в "stack<T>"
  TChart.cpp(131): note: Для преобразования требуется второй оператор пользовательского преобразования или конструктор
TChart.cpp(138): error C2662: void stack<T>::push(T): невозможно преобразовать указатель "this" из "stack" в "stack<T> &"
  TChart.cpp(138): note: Причина: невозможно преобразовать "stack" в "stack<T>"
  TChart.cpp(138): note: Для преобразования требуется второй оператор пользовательского преобразования или конструктор
TChart.cpp(147): error C2662: void stack<T>::push(T): невозможно преобразовать указатель "this" из "stack" в "stack<T> &"
  TChart.cpp(147): note: Причина: невозможно преобразовать "stack" в "stack<T>"
  TChart.cpp(147): note: Для преобразования требуется второй оператор пользовательского преобразования или конструктор
TChart.cpp(150): error C2662: void stack<T>::push(T): невозможно преобразовать указатель "this" из "stack" в "stack<T> &"
  TChart.cpp(150): note: Причина: невозможно преобразовать "stack" в "stack<T>"
  TChart.cpp(150): note: Для преобразования требуется второй оператор пользовательского преобразования или конструктор
  TPoint.cpp
c:\users\lexat\documents\github\chart\chart\stack.h(6): error C2461: stack<T>: отсутствие в синтаксисе конструктора формальных параметров
  c:\users\lexat\documents\github\chart\chart\stack.h(18): note: см. ссылку на создание экземпляров класса шаблон при компиляции "stack<T>"
c:\users\lexat\documents\github\chart\chart\stack.h(23): error C2244: stack::stack: не удается сопоставить определение функции существующему объявлению
  c:\users\lexat\documents\github\chart\chart\stack.h(21): note:  см. объявление "stack::stack"
  c:\users\lexat\documents\github\chart\chart\stack.h(23): note: определение
  c:\users\lexat\documents\github\chart\chart\stack.h(23): note: 'stack::stack(int)'
  c:\users\lexat\documents\github\chart\chart\stack.h(23): note: существующие объявления
  c:\users\lexat\documents\github\chart\chart\stack.h(23): note: 'stack<T>::stack(int)'
c:\users\lexat\documents\github\chart\chart\stack.h(28): error C2244: stack::push: не удается сопоставить определение функции существующему объявлению
  c:\users\lexat\documents\github\chart\chart\stack.h(26): note:  см. объявление "stack::push"
  c:\users\lexat\documents\github\chart\chart\stack.h(28): note: определение
  c:\users\lexat\documents\github\chart\chart\stack.h(28): note: 'void stack::push(T)'
  c:\users\lexat\documents\github\chart\chart\stack.h(28): note: существующие объявления
  c:\users\lexat\documents\github\chart\chart\stack.h(28): note: 'void stack<T>::push(T)'
c:\users\lexat\documents\github\chart\chart\stack.h(36): error C2244: stack::pop: не удается сопоставить определение функции существующему объявлению
  c:\users\lexat\documents\github\chart\chart\stack.h(31): note:  см. объявление "stack::pop"
  c:\users\lexat\documents\github\chart\chart\stack.h(36): note: определение
  c:\users\lexat\documents\github\chart\chart\stack.h(36): note: 'T stack::pop(void)'
  c:\users\lexat\documents\github\chart\chart\stack.h(36): note: существующие объявления
  c:\users\lexat\documents\github\chart\chart\stack.h(36): note: 'T stack<T>::pop(void)'
c:\users\lexat\documents\github\chart\chart\stack.h(41): error C2244: stack::top: не удается сопоставить определение функции существующему объявлению
  c:\users\lexat\documents\github\chart\chart\stack.h(39): note:  см. объявление "stack::top"
  c:\users\lexat\documents\github\chart\chart\stack.h(41): note: определение
  c:\users\lexat\documents\github\chart\chart\stack.h(41): note: 'T stack::top(void)'
  c:\users\lexat\documents\github\chart\chart\stack.h(41): note: существующие объявления
  c:\users\lexat\documents\github\chart\chart\stack.h(41): note: 'T stack<T>::top(void)'
c:\users\lexat\documents\github\chart\chart\stack.h(46): error C2244: stack::PopWithoutReturning: не удается сопоставить определение функции существующему объявлению
  c:\users\lexat\documents\github\chart\chart\stack.h(44): note:  см. объявление "stack::PopWithoutReturning"
  c:\users\lexat\documents\github\chart\chart\stack.h(46): note: определение
  c:\users\lexat\documents\github\chart\chart\stack.h(46): note: 'void stack::PopWithoutReturning(void)'
  c:\users\lexat\documents\github\chart\chart\stack.h(46): note: существующие объявления
  c:\users\lexat\documents\github\chart\chart\stack.h(46): note: 'void stack<T>::PopWithoutReturning(void)'
c:\users\lexat\documents\github\chart\chart\stack.h(51): error C2244: stack::size: не удается сопоставить определение функции существующему объявлению
  c:\users\lexat\documents\github\chart\chart\stack.h(49): note:  см. объявление "stack::size"
  c:\users\lexat\documents\github\chart\chart\stack.h(51): note: определение
  c:\users\lexat\documents\github\chart\chart\stack.h(51): note: 'int stack::size(void)'
  c:\users\lexat\documents\github\chart\chart\stack.h(51): note: существующие объявления
  c:\users\lexat\documents\github\chart\chart\stack.h(51): note: 'int stack<T>::size(void)'
c:\users\lexat\documents\github\chart\chart\stack.h(58): error C2244: stack::clear: не удается сопоставить определение функции существующему объявлению
  c:\users\lexat\documents\github\chart\chart\stack.h(54): note:  см. объявление "stack::clear"
  c:\users\lexat\documents\github\chart\chart\stack.h(58): note: определение
  c:\users\lexat\documents\github\chart\chart\stack.h(58): note: 'void stack::clear(void)'
  c:\users\lexat\documents\github\chart\chart\stack.h(58): note: существующие объявления
  c:\users\lexat\documents\github\chart\chart\stack.h(58): note: 'void stack<T>::clear(void)'
c:\users\lexat\documents\github\chart\chart\TChart.h(11): error C2065: TCurrLine: необъявленный идентификатор
c:\users\lexat\documents\github\chart\chart\TChart.h(11): error C2923: stack: "TCurrLine" не является допустимым аргументом типа шаблон для параметра "T"
TPoint.cpp(5): error C2572: TPoint::TPoint: переопределение параметра по умолчанию: параметр 1
  c:\users\lexat\documents\github\chart\chart\TPoint.h(12): note:  см. объявление "TPoint::TPoint"
TPoint.cpp(5): error C2572: TPoint::TPoint: переопределение параметра по умолчанию: параметр 2
  c:\users\lexat\documents\github\chart\chart\TPoint.h(12): note:  см. объявление "TPoint::TPoint"
  Создание кода...
